0 verbose cli /usr/local/bin/node /usr/local/bin/npm
1 info using npm@10.9.2
2 info using node@v22.14.0
3 silly config load:file:/usr/local/lib/node_modules/npm/npmrc
4 silly config load:file:/Users/krisc/Documents/com_balancirk/frontend/member-spa/.npmrc
5 silly config load:file:/Users/krisc/.npmrc
6 silly config load:file:/usr/local/etc/npmrc
7 verbose title npm install
8 verbose argv "install" "--cache" ".npm-cache" "--no-audit" "--no-fund"
9 verbose logfile logs-max:10 dir:/Users/krisc/Documents/com_balancirk/frontend/member-spa/.npm-cache/_logs/2026-04-13T19_58_59_834Z-
10 verbose logfile /Users/krisc/Documents/com_balancirk/frontend/member-spa/.npm-cache/_logs/2026-04-13T19_58_59_834Z-debug-0.log
11 silly logfile done cleaning log files
12 silly packumentCache heap:4345298944 maxSize:1086324736 maxEntrySize:543162368
13 http fetch GET https://registry.npmjs.org/npm attempt 1 failed with ENOTFOUND
14 silly idealTree buildDeps
15 silly fetch manifest @angular/common@^19.2.0
16 silly packumentCache full:https://registry.npmjs.org/@angular%2fcommon cache-miss
17 http fetch GET https://registry.npmjs.org/@angular%2fcommon attempt 1 failed with ENOTFOUND
18 http fetch GET https://registry.npmjs.org/npm attempt 2 failed with ENOTFOUND
19 http fetch GET https://registry.npmjs.org/@angular%2fcommon attempt 2 failed with ENOTFOUND
20 http fetch GET https://registry.npmjs.org/npm attempt 3 failed with ENOTFOUND
21 http fetch GET https://registry.npmjs.org/@angular%2fcommon attempt 3 failed with ENOTFOUND
22 silly fetch manifest @angular/compiler@^19.2.0
23 silly packumentCache full:https://registry.npmjs.org/@angular%2fcompiler cache-miss
24 http fetch GET https://registry.npmjs.org/@angular%2fcompiler attempt 1 failed with ENOTFOUND
25 http fetch GET https://registry.npmjs.org/@angular%2fcompiler attempt 2 failed with ENOTFOUND
26 http fetch GET https://registry.npmjs.org/@angular%2fcompiler attempt 3 failed with ENOTFOUND
27 silly fetch manifest @angular/core@^19.2.0
28 silly packumentCache full:https://registry.npmjs.org/@angular%2fcore cache-miss
29 http fetch GET https://registry.npmjs.org/@angular%2fcore attempt 1 failed with ENOTFOUND
30 http fetch GET https://registry.npmjs.org/@angular%2fcore attempt 2 failed with ENOTFOUND
31 http fetch GET https://registry.npmjs.org/@angular%2fcore attempt 3 failed with ENOTFOUND
32 silly fetch manifest @angular/forms@^19.2.0
33 silly packumentCache full:https://registry.npmjs.org/@angular%2fforms cache-miss
34 http fetch GET https://registry.npmjs.org/@angular%2fforms attempt 1 failed with ENOTFOUND
35 http fetch GET https://registry.npmjs.org/@angular%2fforms attempt 2 failed with ENOTFOUND
36 http fetch GET https://registry.npmjs.org/@angular%2fforms attempt 3 failed with ENOTFOUND
37 silly fetch manifest @angular/platform-browser@^19.2.0
38 silly packumentCache full:https://registry.npmjs.org/@angular%2fplatform-browser cache-miss
39 http fetch GET https://registry.npmjs.org/@angular%2fplatform-browser attempt 1 failed with ENOTFOUND
40 http fetch GET https://registry.npmjs.org/@angular%2fplatform-browser attempt 2 failed with ENOTFOUND
41 http fetch GET https://registry.npmjs.org/@angular%2fplatform-browser attempt 3 failed with ENOTFOUND
42 silly fetch manifest @angular/service-worker@^19.2.0
43 silly packumentCache full:https://registry.npmjs.org/@angular%2fservice-worker cache-miss
44 http fetch GET https://registry.npmjs.org/@angular%2fservice-worker attempt 1 failed with ENOTFOUND
45 http fetch GET https://registry.npmjs.org/@angular%2fservice-worker attempt 2 failed with ENOTFOUND
46 http fetch GET https://registry.npmjs.org/@angular%2fservice-worker attempt 3 failed with ENOTFOUND
47 silly fetch manifest rxjs@^7.8.0
48 silly packumentCache full:https://registry.npmjs.org/rxjs cache-miss
49 http fetch GET https://registry.npmjs.org/rxjs attempt 1 failed with ENOTFOUND
50 http fetch GET https://registry.npmjs.org/rxjs attempt 2 failed with ENOTFOUND
51 http fetch GET https://registry.npmjs.org/rxjs attempt 3 failed with ENOTFOUND
52 silly fetch manifest tslib@^2.6.0
53 silly packumentCache full:https://registry.npmjs.org/tslib cache-miss
54 http fetch GET https://registry.npmjs.org/tslib attempt 1 failed with ENOTFOUND
55 http fetch GET https://registry.npmjs.org/tslib attempt 2 failed with ENOTFOUND
56 http fetch GET https://registry.npmjs.org/tslib attempt 3 failed with ENOTFOUND
57 silly fetch manifest zone.js@^0.15.0
58 silly packumentCache full:https://registry.npmjs.org/zone.js cache-miss
59 http fetch GET https://registry.npmjs.org/zone.js attempt 1 failed with ENOTFOUND
60 http fetch GET https://registry.npmjs.org/zone.js attempt 2 failed with ENOTFOUND
61 http fetch GET https://registry.npmjs.org/zone.js attempt 3 failed with ENOTFOUND
62 silly fetch manifest @angular-devkit/build-angular@^19.2.0
63 silly packumentCache full:https://registry.npmjs.org/@angular-devkit%2fbuild-angular cache-miss
64 http fetch GET https://registry.npmjs.org/@angular-devkit%2fbuild-angular attempt 1 failed with ENOTFOUND
65 http fetch GET https://registry.npmjs.org/@angular-devkit%2fbuild-angular attempt 2 failed with ENOTFOUND
66 http fetch GET https://registry.npmjs.org/@angular-devkit%2fbuild-angular attempt 3 failed with ENOTFOUND
67 silly fetch manifest @angular/cli@^19.2.0
68 silly packumentCache full:https://registry.npmjs.org/@angular%2fcli cache-miss
69 http fetch GET https://registry.npmjs.org/@angular%2fcli attempt 1 failed with ENOTFOUND
70 http fetch GET https://registry.npmjs.org/@angular%2fcli attempt 2 failed with ENOTFOUND
71 http fetch GET https://registry.npmjs.org/@angular%2fcli attempt 3 failed with ENOTFOUND
72 silly fetch manifest @angular/compiler-cli@^19.2.0
73 silly packumentCache full:https://registry.npmjs.org/@angular%2fcompiler-cli cache-miss
74 http fetch GET https://registry.npmjs.org/@angular%2fcompiler-cli attempt 1 failed with ENOTFOUND
75 http fetch GET https://registry.npmjs.org/@angular%2fcompiler-cli attempt 2 failed with ENOTFOUND
76 http fetch GET https://registry.npmjs.org/@angular%2fcompiler-cli attempt 3 failed with ENOTFOUND
77 silly fetch manifest typescript@~5.7.2
78 silly packumentCache full:https://registry.npmjs.org/typescript cache-miss
79 http fetch GET https://registry.npmjs.org/typescript attempt 1 failed with ENOTFOUND
80 http fetch GET https://registry.npmjs.org/typescript attempt 2 failed with ENOTFOUND
81 http fetch GET https://registry.npmjs.org/typescript attempt 3 failed with ENOTFOUND
82 silly placeDep ROOT @angular-devkit/build-angular@ OK for: balancirk-member-spa@0.1.0 want: ^19.2.0
83 silly placeDep ROOT @angular/cli@ OK for: balancirk-member-spa@0.1.0 want: ^19.2.0
84 silly placeDep ROOT @angular/common@ OK for: balancirk-member-spa@0.1.0 want: ^19.2.0
85 silly placeDep ROOT @angular/compiler@ OK for: balancirk-member-spa@0.1.0 want: ^19.2.0
86 silly placeDep ROOT @angular/compiler-cli@ OK for: balancirk-member-spa@0.1.0 want: ^19.2.0
87 silly placeDep ROOT @angular/core@ OK for: balancirk-member-spa@0.1.0 want: ^19.2.0
88 silly placeDep ROOT @angular/forms@ OK for: balancirk-member-spa@0.1.0 want: ^19.2.0
89 silly placeDep ROOT @angular/platform-browser@ OK for: balancirk-member-spa@0.1.0 want: ^19.2.0
90 silly placeDep ROOT @angular/service-worker@ OK for: balancirk-member-spa@0.1.0 want: ^19.2.0
91 silly placeDep ROOT rxjs@ OK for: balancirk-member-spa@0.1.0 want: ^7.8.0
92 silly placeDep ROOT tslib@ OK for: balancirk-member-spa@0.1.0 want: ^2.6.0
93 silly placeDep ROOT typescript@ OK for: balancirk-member-spa@0.1.0 want: ~5.7.2
94 silly placeDep ROOT zone.js@ OK for: balancirk-member-spa@0.1.0 want: ^0.15.0
95 verbose type system
96 verbose stack FetchError: request to https://registry.npmjs.org/@angular-devkit%2fbuild-angular failed, reason: getaddrinfo ENOTFOUND registry.npmjs.org
96 verbose stack     at ClientRequest.<anonymous> (/usr/local/lib/node_modules/npm/node_modules/minipass-fetch/lib/index.js:130:14)
96 verbose stack     at ClientRequest.emit (node:events:518:28)
96 verbose stack     at emitErrorEvent (node:_http_client:104:11)
96 verbose stack     at _destroy (node:_http_client:898:9)
96 verbose stack     at onSocketNT (node:_http_client:918:5)
96 verbose stack     at process.processTicksAndRejections (node:internal/process/task_queues:91:21)
97 error code ENOTFOUND
98 error syscall getaddrinfo
99 error errno ENOTFOUND
100 error network request to https://registry.npmjs.org/@angular-devkit%2fbuild-angular failed, reason: getaddrinfo ENOTFOUND registry.npmjs.org
101 error network This is a problem related to network connectivity.
101 error network In most cases you are behind a proxy or have bad network settings.
101 error network
101 error network If you are behind a proxy, please make sure that the
101 error network 'proxy' config is set properly.  See: 'npm help config'
102 silly unfinished npm timer reify 1776110340247
103 silly unfinished npm timer reify:loadTrees 1776110340249
104 verbose cwd /Users/krisc/Documents/com_balancirk/frontend/member-spa
105 verbose os Darwin 25.3.0
106 verbose node v22.14.0
107 verbose npm  v10.9.2
108 verbose exit 1
109 verbose code 1
110 error A complete log of this run can be found in: /Users/krisc/Documents/com_balancirk/frontend/member-spa/.npm-cache/_logs/2026-04-13T19_58_59_834Z-debug-0.log
